<?xml version="1.0" encoding="UTF-8"?>
<testng-results ignored="0" total="1" passed="0" failed="1" skipped="0">
  <reporter-output>
  </reporter-output>
  <suite started-at="2021-02-23T10:51:21Z" name="Default suite" finished-at="2021-02-23T10:51:57Z" duration-ms="35494">
    <groups>
    </groups>
    <test started-at="2021-02-23T10:51:21Z" name="Default test" finished-at="2021-02-23T10:51:57Z" duration-ms="35494">
      <class name="tests.basic.ShoppingEndToEnd">
        <test-method is-config="true" signature="init()[pri:0, instance:tests.basic.ShoppingEndToEnd@48e1f6c7]" started-at="2021-02-23T10:51:21Z" name="init" finished-at="2021-02-23T10:51:24Z" duration-ms="2367" status="PASS">
          <reporter-output>
          </reporter-output>
        </test-method> <!-- init -->
        <test-method signature="test()[pri:0, instance:tests.basic.ShoppingEndToEnd@48e1f6c7]" started-at="2021-02-23T10:51:24Z" name="test" finished-at="2021-02-23T10:51:56Z" duration-ms="32250" status="FAIL">
          <exception class="java.lang.RuntimeException">
            <message>
              <![CDATA[java.lang.RuntimeException: java.io.FileNotFoundException: C:\Users\Itai\Downloads\IN040972.pdf (The system cannot find the file specified)]]>
            </message>
            <full-stacktrace>
              <![CDATA[java.lang.RuntimeException: java.lang.RuntimeException: java.io.FileNotFoundException: C:\Users\Itai\Downloads\IN040972.pdf (The system cannot find the file specified)
at tests.supers.TestBase.onTestFailure(TestBase.java:140)
at tests.basic.ShoppingEndToEnd.test(ShoppingEndToEnd.java:36)
at java.base/jdk.internal.reflect.NativeMethodAccessorImpl.invoke0(Native Method)
at java.base/jdk.internal.reflect.NativeMethodAccessorImpl.invoke(NativeMethodAccessorImpl.java:62)
at java.base/jdk.internal.reflect.DelegatingMethodAccessorImpl.invoke(DelegatingMethodAccessorImpl.java:43)
at java.base/java.lang.reflect.Method.invoke(Method.java:564)
at org.testng.internal.MethodInvocationHelper.invokeMethod(MethodInvocationHelper.java:124)
at org.testng.internal.Invoker.invokeMethod(Invoker.java:583)
at org.testng.internal.Invoker.invokeTestMethod(Invoker.java:719)
at org.testng.internal.Invoker.invokeTestMethods(Invoker.java:989)
at org.testng.internal.TestMethodWorker.invokeTestMethods(TestMethodWorker.java:125)
at org.testng.internal.TestMethodWorker.run(TestMethodWorker.java:109)
at org.testng.TestRunner.privateRun(TestRunner.java:648)
at org.testng.TestRunner.run(TestRunner.java:505)
at org.testng.SuiteRunner.runTest(SuiteRunner.java:455)
at org.testng.SuiteRunner.runSequentially(SuiteRunner.java:450)
at org.testng.SuiteRunner.privateRun(SuiteRunner.java:415)
at org.testng.SuiteRunner.run(SuiteRunner.java:364)
at org.testng.SuiteRunnerWorker.runSuite(SuiteRunnerWorker.java:52)
at org.testng.SuiteRunnerWorker.run(SuiteRunnerWorker.java:84)
at org.testng.TestNG.runSuitesSequentially(TestNG.java:1208)
at org.testng.TestNG.runSuitesLocally(TestNG.java:1137)
at org.testng.TestNG.runSuites(TestNG.java:1049)
at org.testng.TestNG.run(TestNG.java:1017)
at org.testng.remote.AbstractRemoteTestNG.run(AbstractRemoteTestNG.java:114)
at org.testng.remote.RemoteTestNG.initAndRun(RemoteTestNG.java:251)
at org.testng.remote.RemoteTestNG.main(RemoteTestNG.java:77)
Caused by: java.lang.RuntimeException: java.io.FileNotFoundException: C:\Users\Itai\Downloads\IN040972.pdf (The system cannot find the file specified)
at tests.supers.TestBase.onTestFailure(TestBase.java:140)
at tests.basic.ShoppingEndToEnd.verifyPDFContainsText(ShoppingEndToEnd.java:107)
at tests.basic.ShoppingEndToEnd.startShoppingProcess(ShoppingEndToEnd.java:71)
at tests.basic.ShoppingEndToEnd.test(ShoppingEndToEnd.java:32)
... 25 more
Caused by: java.io.FileNotFoundException: C:\Users\Itai\Downloads\IN040972.pdf (The system cannot find the file specified)
at java.base/java.io.FileInputStream.open0(Native Method)
at java.base/java.io.FileInputStream.open(FileInputStream.java:212)
at java.base/java.io.FileInputStream.<init>(FileInputStream.java:154)
at java.base/java.io.FileInputStream.<init>(FileInputStream.java:109)
at util.FileUtilis.isTextInPDFFile(FileUtilis.java:35)
at tests.basic.ShoppingEndToEnd.verifyPDFContainsText(ShoppingEndToEnd.java:101)
... 27 more
]]>
            </full-stacktrace>
          </exception> <!-- java.lang.RuntimeException -->
          <reporter-output>
          </reporter-output>
        </test-method> <!-- test -->
        <test-method is-config="true" signature="tearDown()[pri:0, instance:tests.basic.ShoppingEndToEnd@48e1f6c7]" started-at="2021-02-23T10:51:56Z" name="tearDown" finished-at="2021-02-23T10:51:57Z" duration-ms="850" status="PASS">
          <reporter-output>
          </reporter-output>
        </test-method> <!-- tearDown -->
      </class> <!-- tests.basic.ShoppingEndToEnd -->
    </test> <!-- Default test -->
  </suite> <!-- Default suite -->
</testng-results>
